[debug] [2020-12-05T10:38:00.898Z] ----------------------------------------------------------------------
[debug] [2020-12-05T10:38:00.901Z] Command:       C:\Program Files\nodejs\node.exe C:\Users\Ch Wasiq\AppData\Roaming\npm\node_modules\firebase-tools\lib\bin\firebase.js deploy
[debug] [2020-12-05T10:38:00.902Z] CLI Version:   8.7.0
[debug] [2020-12-05T10:38:00.902Z] Platform:      win32
[debug] [2020-12-05T10:38:00.902Z] Node Version:  v12.18.3
[debug] [2020-12-05T10:38:01.068Z] Time:          Sat Dec 05 2020 02:38:00 GMT-0800 (Pacific Standard Time)
[debug] [2020-12-05T10:38:01.069Z] ----------------------------------------------------------------------
[debug] [2020-12-05T10:38:01.069Z] 
[debug] [2020-12-05T10:38:01.148Z] > command requires scopes: ["email","openid","https://www.googleapis.com/auth/cloudplatformprojects.readonly","https://www.googleapis.com/auth/firebase","https://www.googleapis.com/auth/cloud-platform"]
[debug] [2020-12-05T10:38:01.148Z] > authorizing via signed-in user
[debug] [2020-12-05T10:38:01.149Z] [iam] checking project ecommerce-app-553b9 for permissions ["firebase.projects.get","firebasehosting.sites.update"]
[debug] [2020-12-05T10:38:01.152Z] >>> HTTP REQUEST POST https://cloudresourcemanager.googleapis.com/v1/projects/ecommerce-app-553b9:testIamPermissions  
 {"permissions":["firebase.projects.get","firebasehosting.sites.update"]}
[debug] [2020-12-05T10:38:12.545Z] [iam] error while checking permissions, command may fail: FirebaseError: Server Error. getaddrinfo ENOTFOUND cloudresourcemanager.googleapis.com
[debug] [2020-12-05T10:38:12.548Z] >>> HTTP REQUEST GET https://firebase.googleapis.com/v1beta1/projects/ecommerce-app-553b9  
 
[debug] [2020-12-05T10:38:33.853Z] Server Error. connect ETIMEDOUT 216.58.207.106:443
[debug] [2020-12-05T10:38:55.266Z] FirebaseError: Server Error. connect ETIMEDOUT 216.58.207.106:443
    at Request._callback (C:\Users\Ch Wasiq\AppData\Roaming\npm\node_modules\firebase-tools\lib\api.js:32:31)
    at self.callback (C:\Users\Ch Wasiq\AppData\Roaming\npm\node_modules\firebase-tools\node_modules\request\request.js:185:22)
    at Request.emit (events.js:315:20)
    at Request.EventEmitter.emit (domain.js:483:12)
    at Request.onRequestError (C:\Users\Ch Wasiq\AppData\Roaming\npm\node_modules\firebase-tools\node_modules\request\request.js:877:8)
    at ClientRequest.emit (events.js:327:22)
    at ClientRequest.EventEmitter.emit (domain.js:483:12)
    at TLSSocket.socketErrorListener (_http_client.js:426:9)
    at TLSSocket.emit (events.js:315:20)
    at TLSSocket.EventEmitter.emit (domain.js:483:12)
    at emitErrorNT (internal/streams/destroy.js:92:8)
    at emitErrorAndCloseNT (internal/streams/destroy.js:60:3)
    at processTicksAndRejections (internal/process/task_queues.js:84:21)
[error] 
[error] Error: Failed to get Firebase project ecommerce-app-553b9. Please make sure the project exists and your account has permission to access it.
